SF:lib/main.dart
DA:4,0
DA:5,0
DA:9,1
DA:11,1
DA:13,1
DA:14,2
LF:6
LH:4
end_of_record
SF:lib/Animations/circle_clipper.dart
DA:7,1
DA:9,1
DA:11,1
DA:12,4
DA:13,1
DA:14,1
DA:15,5
DA:16,5
DA:17,4
DA:18,2
DA:22,1
DA:25,0
LF:12
LH:11
end_of_record
SF:lib/screens/screens_management.dart
DA:7,2
DA:9,1
DA:10,1
DA:16,1
DA:18,1
DA:19,2
DA:20,2
DA:23,0
DA:25,0
DA:26,0
DA:29,3
DA:31,1
DA:33,1
DA:34,1
DA:35,1
DA:36,1
DA:37,2
DA:39,1
DA:41,2
DA:43,1
DA:47,2
DA:49,1
DA:50,0
DA:54,1
DA:55,1
DA:57,1
DA:58,1
DA:59,1
DA:60,1
LF:29
LH:25
end_of_record
SF:lib/screens/egypt/slideEgypt.dart
DA:8,1
DA:11,1
DA:13,1
DA:14,1
DA:20,1
DA:22,1
DA:23,2
DA:24,1
DA:29,0
DA:31,0
DA:32,0
DA:35,0
DA:37,0
DA:38,0
DA:39,0
DA:41,0
DA:44,1
DA:46,1
DA:48,3
DA:49,1
DA:50,1
DA:51,1
DA:52,1
DA:55,1
DA:56,1
DA:57,1
DA:62,1
DA:66,1
DA:68,1
DA:69,1
DA:71,6
DA:72,4
DA:73,1
DA:74,3
DA:75,2
DA:76,1
DA:77,1
DA:78,1
DA:81,1
DA:83,1
DA:86,1
DA:87,1
DA:88,1
DA:95,1
DA:96,4
DA:98,4
DA:99,1
DA:107,1
DA:108,3
DA:109,4
DA:111,1
DA:112,1
DA:114,5
DA:115,3
DA:116,1
DA:120,1
DA:121,4
DA:122,3
DA:123,1
DA:124,1
DA:126,5
DA:127,3
DA:128,1
DA:130,1
DA:132,1
DA:135,1
DA:136,1
DA:146,1
DA:147,3
DA:148,4
DA:150,1
DA:151,1
DA:153,5
DA:154,3
DA:155,1
DA:159,1
DA:161,3
DA:162,1
DA:163,1
DA:165,5
DA:166,3
DA:167,1
LF:82
LH:74
end_of_record
SF:lib/screens/nike/nike_screen.dart
DA:12,1
DA:15,1
DA:17,1
DA:18,1
DA:29,1
DA:31,1
DA:32,2
DA:33,1
DA:36,2
DA:37,1
DA:38,1
DA:40,2
DA:41,1
DA:42,1
DA:44,2
DA:45,1
DA:46,1
DA:48,2
DA:49,1
DA:50,1
DA:53,2
DA:54,1
DA:59,0
DA:61,0
DA:62,0
DA:63,0
DA:66,0
DA:68,0
DA:69,0
DA:70,0
DA:71,0
DA:73,0
DA:76,1
DA:77,1
DA:79,1
DA:81,0
DA:87,1
DA:88,1
DA:89,0
DA:90,1
DA:91,0
DA:92,1
DA:93,1
DA:95,0
DA:98,1
DA:100,1
DA:102,3
DA:103,1
DA:104,1
DA:105,3
DA:106,1
DA:107,1
DA:110,1
DA:111,1
DA:112,1
DA:118,1
DA:122,4
DA:123,0
DA:125,0
DA:127,0
DA:129,0
DA:130,0
DA:131,0
DA:132,0
DA:133,0
DA:134,0
DA:135,0
DA:143,1
DA:146,1
DA:148,1
DA:150,1
DA:152,1
DA:153,1
DA:154,1
DA:155,4
DA:156,2
DA:157,2
DA:158,1
DA:166,1
DA:170,1
DA:174,1
DA:175,1
DA:177,1
DA:179,1
DA:181,1
DA:182,3
DA:183,1
DA:184,4
DA:185,0
DA:186,1
DA:187,2
DA:188,3
DA:189,2
DA:190,3
DA:191,1
DA:194,4
DA:200,1
DA:202,4
DA:203,1
DA:206,4
DA:208,1
DA:211,1
DA:213,4
DA:214,1
DA:217,4
DA:219,1
DA:222,1
DA:223,1
DA:225,1
DA:227,1
DA:228,3
DA:229,2
DA:230,4
DA:231,2
DA:232,1
DA:233,5
DA:234,1
DA:237,4
DA:241,1
DA:244,1
DA:247,4
DA:249,1
DA:252,2
DA:253,1
DA:256,1
DA:257,5
DA:258,1
DA:260,1
LF:128
LH:103
end_of_record
SF:lib/widgets/nike_big_letter.dart
DA:9,2
DA:11,1
DA:18,1
DA:20,1
DA:22,1
DA:23,1
DA:24,1
DA:25,1
DA:26,6
DA:27,1
DA:28,1
DA:29,1
DA:30,1
DA:31,1
DA:32,1
LF:15
LH:15
end_of_record
SF:lib/widgets/nike_menu.dart
DA:5,1
DA:7,1
DA:8,2
DA:10,0
DA:11,0
DA:12,0
DA:14,0
DA:15,0
DA:19,0
DA:23,1
DA:24,2
DA:25,1
DA:27,1
DA:30,1
DA:34,1
DA:36,1
DA:37,1
DA:39,1
DA:42,4
DA:43,0
DA:44,0
DA:45,0
DA:46,0
DA:47,0
DA:48,0
DA:49,0
DA:51,0
DA:52,0
DA:53,0
DA:54,0
DA:55,0
DA:59,1
DA:60,6
DA:61,1
LF:34
LH:16
end_of_record
SF:lib/widgets/nike_button.dart
DA:8,2
DA:10,1
DA:11,1
DA:12,1
DA:13,1
DA:14,1
DA:15,0
DA:16,1
DA:17,1
DA:18,1
DA:21,1
DA:22,1
DA:23,1
DA:24,1
DA:25,1
DA:26,1
DA:27,1
DA:33,1
DA:35,1
DA:37,1
DA:38,1
DA:39,2
DA:40,1
DA:43,1
LF:24
LH:23
end_of_record
SF:lib/screens/other/title_screen.dart
DA:11,1
DA:17,1
DA:19,1
DA:20,1
DA:27,1
DA:29,1
DA:30,2
DA:31,1
DA:33,1
DA:34,2
DA:35,1
DA:40,0
DA:42,0
DA:43,0
DA:46,0
DA:48,0
DA:49,0
DA:50,0
DA:52,0
DA:55,1
DA:57,1
DA:59,3
DA:60,1
DA:61,1
DA:62,1
DA:63,1
DA:64,3
DA:68,2
DA:69,1
DA:70,2
DA:73,1
DA:74,1
DA:75,1
DA:76,1
DA:77,2
DA:92,1
DA:95,1
DA:96,1
DA:97,1
LF:39
LH:31
end_of_record
